<?xml version="1.0" encoding="UTF-8"?>
<!-- Generated by org.testng.reporters.JUnitXMLReporter -->
<testsuite hostname="Farrukh" ignored="0" name="Default test" tests="3" failures="0" timestamp="2020-01-16T19:22:17 CST" time="0.23" errors="0">
  <testcase name="test1" time="0.042" classname="com.class4.ListenersDemo"/>
  <testcase name="test2" time="0.007" classname="com.class4.ListenersDemo"/>
  <testcase name="test3" time="0.006" classname="com.class4.ListenersDemo"/>
</testsuite> <!-- Default test -->
