<?xml version="1.0" encoding="UTF-8"?>
<!-- Generated by org.testng.reporters.JUnitXMLReporter -->
<testsuite hostname="Farrukh" ignored="0" name="Regression Test" tests="2" failures="2" timestamp="2020-01-16T20:40:48 CST" time="0.079" errors="0">
  <testcase name="test1" time="0.015" classname="com.class4.ListenersDemo">
    <failure type="java.lang.AssertionError" message="did not expect to find [true] but found [false]">
      <![CDATA[java.lang.AssertionError: did not expect to find [true] but found [false]
at com.class4.ListenersDemo.test1(ListenersDemo.java:11)
at java.util.ArrayList.forEach(Unknown Source)
... Removed 31 stack frames]]>
    </failure>
  </testcase> <!-- test1 -->
  <testcase name="test1" time="0.045" classname="com.class4.ListenersDemo">
    <failure type="java.lang.NullPointerException">
      <![CDATA[java.lang.NullPointerException
at com.utils.CommonMethods.takeScrenshot(CommonMethods.java:194)
at com.utils.Listener.onTestFailure(Listener.java:17)
at java.util.ArrayList.forEach(Unknown Source)
... Removed 24 stack frames]]>
    </failure>
  </testcase> <!-- test1 -->
</testsuite> <!-- Regression Test -->
