<?xml version="1.0" encoding="UTF-8"?>
<testng-results skipped="0" failed="0" ignored="0" total="0" passed="0">
  <reporter-output>
  </reporter-output>
  <suite name="RegressionSuite" duration-ms="25" started-at="2020-01-16T20:39:25 CST" finished-at="2020-01-16T20:39:25 CST">
    <groups>
    </groups>
    <test name="RegressionTest" duration-ms="25" started-at="2020-01-16T20:39:25 CST" finished-at="2020-01-16T20:39:25 CST">
    </test> <!-- RegressionTest -->
  </suite> <!-- RegressionSuite -->
</testng-results>
